CRITICAL - 2021-07-05 20:59:21 --> Invalid argument supplied for foreach()
#0 D:\xampp\htdocs\ushno-app\app\Views\admin\pages\horario.php(23): CodeIgniter\Debug\Exceptions->errorHandler(2, 'Invalid argumen...', 'D:\\xampp\\htdocs...', 23, Array)
#1 D:\xampp\htdocs\ushno-app\system\View\View.php(220): include('D:\\xampp\\htdocs...')
#2 D:\xampp\htdocs\ushno-app\system\View\View.php(222): CodeIgniter\View\View->CodeIgniter\View\{closure}()
#3 D:\xampp\htdocs\ushno-app\system\Common.php(1217): CodeIgniter\View\View->render('admin/pages/hor...', Array, true)
#4 D:\xampp\htdocs\ushno-app\app\Controllers\HorarioController.php(47): view('admin/pages/hor...', Array)
#5 D:\xampp\htdocs\ushno-app\system\CodeIgniter.php(936): App\Controllers\HorarioController->index()
#6 D:\xampp\htdocs\ushno-app\system\CodeIgniter.php(432): CodeIgniter\CodeIgniter->runController(Object(App\Controllers\HorarioController))
#7 D:\xampp\htdocs\ushno-app\system\CodeIgniter.php(333): CodeIgniter\CodeIgniter->handleRequest(NULL, Object(Config\Cache), false)
#8 D:\xampp\htdocs\ushno-app\public\index.php(44): CodeIgniter\CodeIgniter->run()
#9 {main}
CRITICAL - 2021-07-05 20:59:49 --> Invalid argument supplied for foreach()
#0 D:\xampp\htdocs\ushno-app\app\Views\admin\pages\horario.php(23): CodeIgniter\Debug\Exceptions->errorHandler(2, 'Invalid argumen...', 'D:\\xampp\\htdocs...', 23, Array)
#1 D:\xampp\htdocs\ushno-app\system\View\View.php(220): include('D:\\xampp\\htdocs...')
#2 D:\xampp\htdocs\ushno-app\system\View\View.php(222): CodeIgniter\View\View->CodeIgniter\View\{closure}()
#3 D:\xampp\htdocs\ushno-app\system\Common.php(1217): CodeIgniter\View\View->render('admin/pages/hor...', Array, true)
#4 D:\xampp\htdocs\ushno-app\app\Controllers\HorarioController.php(47): view('admin/pages/hor...', Array)
#5 D:\xampp\htdocs\ushno-app\system\CodeIgniter.php(936): App\Controllers\HorarioController->index()
#6 D:\xampp\htdocs\ushno-app\system\CodeIgniter.php(432): CodeIgniter\CodeIgniter->runController(Object(App\Controllers\HorarioController))
#7 D:\xampp\htdocs\ushno-app\system\CodeIgniter.php(333): CodeIgniter\CodeIgniter->handleRequest(NULL, Object(Config\Cache), false)
#8 D:\xampp\htdocs\ushno-app\public\index.php(44): CodeIgniter\CodeIgniter->run()
#9 {main}
CRITICAL - 2021-07-05 21:12:41 --> You must set the database table to be used with your query.
#0 D:\xampp\htdocs\ushno-app\system\Model.php(615): CodeIgniter\Database\BaseConnection->table('')
#1 D:\xampp\htdocs\ushno-app\system\Model.php(834): CodeIgniter\Model->builder()
#2 D:\xampp\htdocs\ushno-app\app\Controllers\HorarioController.php(68): CodeIgniter\Model->__call('getcbDia', Array)
#3 D:\xampp\htdocs\ushno-app\system\CodeIgniter.php(936): App\Controllers\HorarioController->edit('1')
#4 D:\xampp\htdocs\ushno-app\system\CodeIgniter.php(432): CodeIgniter\CodeIgniter->runController(Object(App\Controllers\HorarioController))
#5 D:\xampp\htdocs\ushno-app\system\CodeIgniter.php(333): CodeIgniter\CodeIgniter->handleRequest(NULL, Object(Config\Cache), false)
#6 D:\xampp\htdocs\ushno-app\public\index.php(44): CodeIgniter\CodeIgniter->run()
#7 {main}
CRITICAL - 2021-07-05 21:14:15 --> You must set the database table to be used with your query.
#0 D:\xampp\htdocs\ushno-app\system\Model.php(615): CodeIgniter\Database\BaseConnection->table('')
#1 D:\xampp\htdocs\ushno-app\system\Model.php(834): CodeIgniter\Model->builder()
#2 D:\xampp\htdocs\ushno-app\app\Controllers\HorarioController.php(68): CodeIgniter\Model->__call('getcbDia', Array)
#3 D:\xampp\htdocs\ushno-app\system\CodeIgniter.php(936): App\Controllers\HorarioController->edit('1')
#4 D:\xampp\htdocs\ushno-app\system\CodeIgniter.php(432): CodeIgniter\CodeIgniter->runController(Object(App\Controllers\HorarioController))
#5 D:\xampp\htdocs\ushno-app\system\CodeIgniter.php(333): CodeIgniter\CodeIgniter->handleRequest(NULL, Object(Config\Cache), false)
#6 D:\xampp\htdocs\ushno-app\public\index.php(44): CodeIgniter\CodeIgniter->run()
#7 {main}
CRITICAL - 2021-07-05 21:14:21 --> You must set the database table to be used with your query.
#0 D:\xampp\htdocs\ushno-app\system\Model.php(615): CodeIgniter\Database\BaseConnection->table('')
#1 D:\xampp\htdocs\ushno-app\system\Model.php(834): CodeIgniter\Model->builder()
#2 D:\xampp\htdocs\ushno-app\app\Controllers\HorarioController.php(68): CodeIgniter\Model->__call('getcbDia', Array)
#3 D:\xampp\htdocs\ushno-app\system\CodeIgniter.php(936): App\Controllers\HorarioController->edit('1')
#4 D:\xampp\htdocs\ushno-app\system\CodeIgniter.php(432): CodeIgniter\CodeIgniter->runController(Object(App\Controllers\HorarioController))
#5 D:\xampp\htdocs\ushno-app\system\CodeIgniter.php(333): CodeIgniter\CodeIgniter->handleRequest(NULL, Object(Config\Cache), false)
#6 D:\xampp\htdocs\ushno-app\public\index.php(44): CodeIgniter\CodeIgniter->run()
#7 {main}
CRITICAL - 2021-07-05 21:32:39 --> Invalid argument supplied for foreach()
#0 D:\xampp\htdocs\ushno-app\app\Views\admin\pages\ediHorario.php(15): CodeIgniter\Debug\Exceptions->errorHandler(2, 'Invalid argumen...', 'D:\\xampp\\htdocs...', 15, Array)
#1 D:\xampp\htdocs\ushno-app\system\View\View.php(220): include('D:\\xampp\\htdocs...')
#2 D:\xampp\htdocs\ushno-app\system\View\View.php(222): CodeIgniter\View\View->CodeIgniter\View\{closure}()
#3 D:\xampp\htdocs\ushno-app\system\Common.php(1217): CodeIgniter\View\View->render('admin/pages/edi...', Array, true)
#4 D:\xampp\htdocs\ushno-app\app\Controllers\HorarioController.php(82): view('admin/pages/edi...', Array)
#5 D:\xampp\htdocs\ushno-app\system\CodeIgniter.php(936): App\Controllers\HorarioController->edit('1')
#6 D:\xampp\htdocs\ushno-app\system\CodeIgniter.php(432): CodeIgniter\CodeIgniter->runController(Object(App\Controllers\HorarioController))
#7 D:\xampp\htdocs\ushno-app\system\CodeIgniter.php(333): CodeIgniter\CodeIgniter->handleRequest(NULL, Object(Config\Cache), false)
#8 D:\xampp\htdocs\ushno-app\public\index.php(44): CodeIgniter\CodeIgniter->run()
#9 {main}
CRITICAL - 2021-07-05 21:40:36 --> You must set the database table to be used with your query.
#0 D:\xampp\htdocs\ushno-app\system\Model.php(615): CodeIgniter\Database\BaseConnection->table('')
#1 D:\xampp\htdocs\ushno-app\system\Model.php(834): CodeIgniter\Model->builder()
#2 D:\xampp\htdocs\ushno-app\app\Controllers\HorarioController.php(116): CodeIgniter\Model->__call('getcbDia', Array)
#3 D:\xampp\htdocs\ushno-app\system\CodeIgniter.php(936): App\Controllers\HorarioController->create()
#4 D:\xampp\htdocs\ushno-app\system\CodeIgniter.php(432): CodeIgniter\CodeIgniter->runController(Object(App\Controllers\HorarioController))
#5 D:\xampp\htdocs\ushno-app\system\CodeIgniter.php(333): CodeIgniter\CodeIgniter->handleRequest(NULL, Object(Config\Cache), false)
#6 D:\xampp\htdocs\ushno-app\public\index.php(44): CodeIgniter\CodeIgniter->run()
#7 {main}
