ERROR - 2021-06-19 07:01:01 --> mysqli_sql_exception: You have an error in your SQL syntax; check the manual that corresponds to your MariaDB server version for the right syntax to use near '.horarios SET user_id='1', horario='02:45 - 03:10 pm',
              descripc...' at line 1 in D:\xampp\htdocs\ushno-app\system\Database\MySQLi\Connection.php:314
Stack trace:
#0 D:\xampp\htdocs\ushno-app\system\Database\MySQLi\Connection.php(314): mysqli->query('\n              ...')
#1 D:\xampp\htdocs\ushno-app\system\Database\BaseConnection.php(713): CodeIgniter\Database\MySQLi\Connection->execute('\n              ...')
#2 D:\xampp\htdocs\ushno-app\system\Database\BaseConnection.php(641): CodeIgniter\Database\BaseConnection->simpleQuery('\n              ...')
#3 D:\xampp\htdocs\ushno-app\app\Models\HorarioModel.php(24): CodeIgniter\Database\BaseConnection->query('\n              ...')
#4 D:\xampp\htdocs\ushno-app\app\Controllers\HorarioController.php(64): App\Models\HorarioModel->updteHorario(Array)
#5 D:\xampp\htdocs\ushno-app\system\CodeIgniter.php(936): App\Controllers\HorarioController->update()
#6 D:\xampp\htdocs\ushno-app\system\CodeIgniter.php(432): CodeIgniter\CodeIgniter->runController(Object(App\Controllers\HorarioController))
#7 D:\xampp\htdocs\ushno-app\system\CodeIgniter.php(333): CodeIgniter\CodeIgniter->handleRequest(NULL, Object(Config\Cache), false)
#8 D:\xampp\htdocs\ushno-app\public\index.php(44): CodeIgniter\CodeIgniter->run()
#9 {main}
ERROR - 2021-06-19 07:02:02 --> mysqli_sql_exception: You have an error in your SQL syntax; check the manual that corresponds to your MariaDB server version for the right syntax to use near '.horarios SET user_id='1', horario='02:45 - 03:10 pm',
              descripc...' at line 1 in D:\xampp\htdocs\ushno-app\system\Database\MySQLi\Connection.php:314
Stack trace:
#0 D:\xampp\htdocs\ushno-app\system\Database\MySQLi\Connection.php(314): mysqli->query('\n              ...')
#1 D:\xampp\htdocs\ushno-app\system\Database\BaseConnection.php(713): CodeIgniter\Database\MySQLi\Connection->execute('\n              ...')
#2 D:\xampp\htdocs\ushno-app\system\Database\BaseConnection.php(641): CodeIgniter\Database\BaseConnection->simpleQuery('\n              ...')
#3 D:\xampp\htdocs\ushno-app\app\Models\HorarioModel.php(26): CodeIgniter\Database\BaseConnection->query('\n              ...')
#4 D:\xampp\htdocs\ushno-app\app\Controllers\HorarioController.php(62): App\Models\HorarioModel->updteHorario(Array)
#5 D:\xampp\htdocs\ushno-app\system\CodeIgniter.php(936): App\Controllers\HorarioController->update()
#6 D:\xampp\htdocs\ushno-app\system\CodeIgniter.php(432): CodeIgniter\CodeIgniter->runController(Object(App\Controllers\HorarioController))
#7 D:\xampp\htdocs\ushno-app\system\CodeIgniter.php(333): CodeIgniter\CodeIgniter->handleRequest(NULL, Object(Config\Cache), false)
#8 D:\xampp\htdocs\ushno-app\public\index.php(44): CodeIgniter\CodeIgniter->run()
#9 {main}
ERROR - 2021-06-19 07:04:51 --> mysqli_sql_exception: You have an error in your SQL syntax; check the manual that corresponds to your MariaDB server version for the right syntax to use near '.horarios SET user_id='1', horario='02:45 - 03:10 pm',
              descripc...' at line 1 in D:\xampp\htdocs\ushno-app\system\Database\MySQLi\Connection.php:314
Stack trace:
#0 D:\xampp\htdocs\ushno-app\system\Database\MySQLi\Connection.php(314): mysqli->query('UPDATE emisora_...')
#1 D:\xampp\htdocs\ushno-app\system\Database\BaseConnection.php(713): CodeIgniter\Database\MySQLi\Connection->execute('UPDATE emisora_...')
#2 D:\xampp\htdocs\ushno-app\system\Database\BaseConnection.php(641): CodeIgniter\Database\BaseConnection->simpleQuery('UPDATE emisora_...')
#3 D:\xampp\htdocs\ushno-app\app\Models\HorarioModel.php(30): CodeIgniter\Database\BaseConnection->query('UPDATE emisora_...')
#4 D:\xampp\htdocs\ushno-app\app\Controllers\HorarioController.php(62): App\Models\HorarioModel->updteHorario(Array)
#5 D:\xampp\htdocs\ushno-app\system\CodeIgniter.php(936): App\Controllers\HorarioController->update()
#6 D:\xampp\htdocs\ushno-app\system\CodeIgniter.php(432): CodeIgniter\CodeIgniter->runController(Object(App\Controllers\HorarioController))
#7 D:\xampp\htdocs\ushno-app\system\CodeIgniter.php(333): CodeIgniter\CodeIgniter->handleRequest(NULL, Object(Config\Cache), false)
#8 D:\xampp\htdocs\ushno-app\public\index.php(44): CodeIgniter\CodeIgniter->run()
#9 {main}
ERROR - 2021-06-19 07:05:44 --> mysqli_sql_exception: You have an error in your SQL syntax; check the manual that corresponds to your MariaDB server version for the right syntax to use near '.horarios SET user_id='1', horario='02:45 - 03:10 pm',
              descripc...' at line 1 in D:\xampp\htdocs\ushno-app\system\Database\MySQLi\Connection.php:314
Stack trace:
#0 D:\xampp\htdocs\ushno-app\system\Database\MySQLi\Connection.php(314): mysqli->query('UPDATE emisora_...')
#1 D:\xampp\htdocs\ushno-app\system\Database\BaseConnection.php(713): CodeIgniter\Database\MySQLi\Connection->execute('UPDATE emisora_...')
#2 D:\xampp\htdocs\ushno-app\system\Database\BaseConnection.php(641): CodeIgniter\Database\BaseConnection->simpleQuery('UPDATE emisora_...')
#3 D:\xampp\htdocs\ushno-app\app\Models\HorarioModel.php(30): CodeIgniter\Database\BaseConnection->query('UPDATE emisora_...')
#4 D:\xampp\htdocs\ushno-app\app\Controllers\HorarioController.php(62): App\Models\HorarioModel->updteHorario(Array)
#5 D:\xampp\htdocs\ushno-app\system\CodeIgniter.php(936): App\Controllers\HorarioController->update()
#6 D:\xampp\htdocs\ushno-app\system\CodeIgniter.php(432): CodeIgniter\CodeIgniter->runController(Object(App\Controllers\HorarioController))
#7 D:\xampp\htdocs\ushno-app\system\CodeIgniter.php(333): CodeIgniter\CodeIgniter->handleRequest(NULL, Object(Config\Cache), false)
#8 D:\xampp\htdocs\ushno-app\public\index.php(44): CodeIgniter\CodeIgniter->run()
#9 {main}
CRITICAL - 2021-06-19 07:12:01 --> Invalid file: vcreatehorariol.php
#0 D:\xampp\htdocs\ushno-app\system\View\View.php(203): CodeIgniter\Exceptions\FrameworkException::forInvalidFile('vcreatehorariol...')
#1 D:\xampp\htdocs\ushno-app\system\Common.php(1217): CodeIgniter\View\View->render('vcreatehorariol', Array, true)
#2 D:\xampp\htdocs\ushno-app\app\Controllers\HorarioController.php(71): view('vcreatehorariol')
#3 D:\xampp\htdocs\ushno-app\system\CodeIgniter.php(936): App\Controllers\HorarioController->create()
#4 D:\xampp\htdocs\ushno-app\system\CodeIgniter.php(432): CodeIgniter\CodeIgniter->runController(Object(App\Controllers\HorarioController))
#5 D:\xampp\htdocs\ushno-app\system\CodeIgniter.php(333): CodeIgniter\CodeIgniter->handleRequest(NULL, Object(Config\Cache), false)
#6 D:\xampp\htdocs\ushno-app\public\index.php(44): CodeIgniter\CodeIgniter->run()
#7 {main}
CRITICAL - 2021-06-19 07:22:25 --> Allowed fields must be specified for model: App\Models\HorarioModel
#0 D:\xampp\htdocs\ushno-app\system\BaseModel.php(1202): CodeIgniter\Database\Exceptions\DataException::forInvalidAllowedFields('App\\Models\\Hora...')
#1 D:\xampp\htdocs\ushno-app\system\BaseModel.php(729): CodeIgniter\BaseModel->doProtectFields(Array)
#2 D:\xampp\htdocs\ushno-app\system\Model.php(705): CodeIgniter\BaseModel->insert(Array, true)
#3 D:\xampp\htdocs\ushno-app\app\Controllers\HorarioController.php(97): CodeIgniter\Model->insert(Array)
#4 D:\xampp\htdocs\ushno-app\system\CodeIgniter.php(936): App\Controllers\HorarioController->save()
#5 D:\xampp\htdocs\ushno-app\system\CodeIgniter.php(432): CodeIgniter\CodeIgniter->runController(Object(App\Controllers\HorarioController))
#6 D:\xampp\htdocs\ushno-app\system\CodeIgniter.php(333): CodeIgniter\CodeIgniter->handleRequest(NULL, Object(Config\Cache), false)
#7 D:\xampp\htdocs\ushno-app\public\index.php(44): CodeIgniter\CodeIgniter->run()
#8 {main}
CRITICAL - 2021-06-19 07:23:16 --> Allowed fields must be specified for model: App\Models\HorarioModel
#0 D:\xampp\htdocs\ushno-app\system\BaseModel.php(1202): CodeIgniter\Database\Exceptions\DataException::forInvalidAllowedFields('App\\Models\\Hora...')
#1 D:\xampp\htdocs\ushno-app\system\BaseModel.php(729): CodeIgniter\BaseModel->doProtectFields(Array)
#2 D:\xampp\htdocs\ushno-app\system\Model.php(705): CodeIgniter\BaseModel->insert(Array, true)
#3 D:\xampp\htdocs\ushno-app\app\Controllers\HorarioController.php(99): CodeIgniter\Model->insert(Array)
#4 D:\xampp\htdocs\ushno-app\system\CodeIgniter.php(936): App\Controllers\HorarioController->save()
#5 D:\xampp\htdocs\ushno-app\system\CodeIgniter.php(432): CodeIgniter\CodeIgniter->runController(Object(App\Controllers\HorarioController))
#6 D:\xampp\htdocs\ushno-app\system\CodeIgniter.php(333): CodeIgniter\CodeIgniter->handleRequest(NULL, Object(Config\Cache), false)
#7 D:\xampp\htdocs\ushno-app\public\index.php(44): CodeIgniter\CodeIgniter->run()
#8 {main}
